<?xml version="1.0" encoding="UTF-8"?>
<testng-results skipped="0" failed="0" ignored="0" total="1" passed="1">
  <reporter-output>
  </reporter-output>
  <suite name="Default suite" duration-ms="10637" started-at="2017-01-02T07:35:08Z" finished-at="2017-01-02T07:35:18Z">
    <groups>
    </groups>
    <test name="Default test" duration-ms="10637" started-at="2017-01-02T07:35:08Z" finished-at="2017-01-02T07:35:18Z">
      <class name="important.AssertANdVerify">
        <test-method status="PASS" signature="assertion()[pri:0, instance:important.AssertANdVerify@3532ec19]" name="assertion" duration-ms="10597" started-at="2017-01-02T01:35:08Z" finished-at="2017-01-02T01:35:18Z">
          <reporter-output>
          </reporter-output>
        </test-method> <!-- assertion -->
      </class> <!-- important.AssertANdVerify -->
    </test> <!-- Default test -->
  </suite> <!-- Default suite -->
</testng-results>
